341 files
2002
a
after
aliases
aliases.bak
aliases.new
aliases.out
aliasestest
aliasestest.new
array_diff.php
BacHaUni_Finalreport.pdf
bar
bar.c
bar.pl
bash-1.14.7
bash-1.14.7.preexec
bash-1.14.7.tar.gz
bash-3.1
bash-3.1.tar.gz
bash-3.2.48.orig
bash-3.2.48.preexec
bash-3.2.48.preexec.simple
bash-3.2.48.tar.gz
bashtest
baz
baz.c
baz.pl
before
bin
bits
bits.c
blah
bsdmainutils
c
cake.txt
candidates-sorted.csv
candidates.csv
Cards.hs
child.out
child.sh
chmod
cli
Clockopia.ttf
code.pl
conf.tar.gz
conroy-last-pattern.txt
conroy-last-votes-first-preferences-sorted.csv
conroy-last-votes-first-preferences-with-details.csv
conroy-last-votes-first-preferences.csv
conroy-last-votes.csv
conroy-last-votes2.csv
conroy-last.csv
coreutils
countbits
countbits.c
cron
CVSROOT
date_medium.diff
datecheck.php
debian-503-i386-netinst.iso
dir with spaces
dir with spaces 2
dosboxmap.pl
dvorak-0.74.map
echoargs
env.out
err.out
ess
ess.py
ess2
ess2.py
essay.py
essay.txt
essay2.py
etc
example2.php
file
file1
file2
file2.bak
filt.hs
firefox
first-100-candidates.csv
flan
flan-audio.rar
foo
foo-ba
foo.1
foo.c
foo.log
foo.php
foo.pl
foo.py
foo.sh
foob.sh
freebsd2.0
fw1lhr.tcpdump
git
git.bak
git.new
gittest
gnome-terminal
gnome-terminal-3436-bell.patch
gnome-terminal-trunk-bell-raised.patch
gnome-terminal-trunk-highlight-tab-and-flash-window-icon-on-bell-with-pref-and-docs.patch
gnome-terminal-trunk-part2.patch
go
hash.c
hash2.c
hello
hello.c
hostname
hosts
icons.tar
id_rsa.pub
inflist.hs
killme
killme.c
lib
lib.old
libc
libc-dev
library
linux-2.6
Linuxconfau-BeyondInitSystemd580.ogv?referrer=blip.tv&source=1&use_direct=1&use_documents=1
list.txt
listvstuple.py
log
ls.out
mail
mail.bak
man-pages
man-pages-2
man-pages-ip.7-s_addr-clarification.patch
man.html
man.ip7.patch
man.patch2
man.tar.gz
mantest
manual
manuals.tar.gz
map.pl
message
mike 15 feb 2009.jpg
mikel.env
mon3.hs
mosh
msfonts.tar
Music
mylib.php
ncurses
new
newdir.20110209
newfile
newfile.withp
nfs-user-server-2.2beta47
nfs-user-server_2.2beta47-25.diff.gz
nfs-user-server_2.2beta47-25.dsc
nfs-user-server_2.2beta47.orig.tar.gz
nfs-utils-1.1.2
nfs-utils_1.1.2-6lenny2.diff.gz
nfs-utils_1.1.2-6lenny2.dsc
nfs-utils_1.1.2.orig.tar.gz
nosuchfile
openbsd
openbsd-man.tar
openbsd-manpages
orbyst.rb
ord.sh
ortest.rb
out
out.out
out.sh
pack.pl
patch.txt
php.php
ping
pip
preferences-by-candidate.csv
preferences.csv
printflags
programs
putty
putty-src.zip
pymods
pypackages
pypart.py
python
python.old
re.out
rec
rec.hi
rec.hs
rec.o
reddit
rhel4.tar
rhel5.tar
root1
root1.c
roundcubemail-0.3-RC1.tar.gz
rsync.log
scope
scope.c
scope.py
scptest
scptest2
scroll.html
sel.txt
SenateCandidatesDownload-15508.csv
SenateStateBTLPreferences-15508-VIC.csv
SenateStateBTLPreferences-15508-VIC.txt
sh
shunit2
shunit2-2.1.5
shunit2-2.1.5.tgz
sicp
sigtest.sh
slashdot.firefox.out
slashdot.out.diff
slashdot.tar
slashdot.wget.out
smartctl.out.20090426
sock
somefile
someotherfile
src
srv
sshscript
sshscript2
stime.txt
su-minus-minus.env
su-minus.env
su.env
sudo-su-minus.env
sudo-su.env
svn
svnlog
sys
sys.c
sys.strace
tabsmenu
tale.txt
taxcurry.py
tcb
tcptest
templates
templates.nonsvn
test.csv
test.pl
test.sh
test2.sh
test3.sh
test4.sh
test500MB.dat
testcase.1
timezone
tmp
tools
tute01
tute01.c
Ubuntu One
ubuntu-10.10beta.iso
umlaut
uni
unix
utest.py
Vark.java
victoria.zip
web
weirdperms
whatschanged.123
x.py
zsh
zshtest
